<?xml version="1.0" encoding="UTF-8"?>
<!-- Generated by org.testng.reporters.JUnitReportReporter -->
<testsuite hostname="LAPTOP-1TVAKT3H" failures="0" tests="1" name="com.trading.testscripts.LoginPageTest" time="20.695" errors="0" timestamp="2023-03-20T16:12:04 GMT" skipped="0">
  <testcase classname="com.trading.testscripts.LoginPageTest" name="loginValidation" time="20.695"/>
  <system-out/>
</testsuite> <!-- com.trading.testscripts.LoginPageTest -->
